<?xml version="1.0" encoding="UTF-8"?>
<!-- Generated by org.testng.reporters.JUnitReportReporter -->
<testsuite hostname="LMCTAG039" failures="0" tests="1" name="com.mystore.testcases.OrderPageTest" time="28.528" errors="0" timestamp="2022-03-28T09:51:53 IST" skipped="0">
  <testcase classname="com.mystore.testcases.OrderPageTest" name="verifyTotalPrice" time="28.528"/>
  <system-out/>
</testsuite> <!-- com.mystore.testcases.OrderPageTest -->
