<?xml version="1.0" encoding="UTF-8"?>
<!-- Generated by org.testng.reporters.JUnitReportReporter -->
<testsuite hostname="LMCTAG039" failures="0" tests="1" name="com.mystore.testcases.EndToEndTest" time="66.850" errors="0" timestamp="2022-03-25T11:40:39 IST" skipped="0">
  <testcase classname="com.mystore.testcases.EndToEndTest" name="endToEndTest" time="66.850"/>
  <system-out/>
</testsuite> <!-- com.mystore.testcases.EndToEndTest -->
