<?xml version="1.0" encoding="UTF-8"?>
<!-- Generated by org.testng.reporters.JUnitReportReporter -->
<testsuite hostname="LMCTAG039" failures="0" tests="1" name="com.mystore.testcases.OrderPageTest" time="33.326" errors="0" timestamp="2022-03-24T18:10:04 IST" skipped="0">
  <testcase classname="com.mystore.testcases.OrderPageTest" name="verifyTotalPrice" time="33.326"/>
  <system-out/>
</testsuite> <!-- com.mystore.testcases.OrderPageTest -->
