<?xml version="1.0" encoding="UTF-8"?>
<!-- Generated by org.testng.reporters.JUnitReportReporter -->
<testsuite hostname="LMCTAG039" failures="0" tests="1" name="com.mystore.testcases.SearchresultPageTest" time="16.375" errors="0" timestamp="2022-03-25T14:38:52 IST" skipped="0">
  <testcase classname="com.mystore.testcases.SearchresultPageTest" name="productAvailabilityTest" time="16.375"/>
  <system-out/>
</testsuite> <!-- com.mystore.testcases.SearchresultPageTest -->
