<?xml version="1.0" encoding="UTF-8"?>
<!-- Generated by org.testng.reporters.JUnitReportReporter -->
<testsuite hostname="LMCTAG039" failures="0" tests="2" name="com.mystore.testcases.HomepageTest" time="43.104" errors="0" timestamp="2022-03-28T09:51:53 IST" skipped="0">
  <testcase classname="com.mystore.testcases.HomepageTest" name="wishListTest" time="22.275"/>
  <system-out/>
  <testcase classname="com.mystore.testcases.HomepageTest" name="orderHisstoryandDetailsTest" time="20.829"/>
  <system-out/>
</testsuite> <!-- com.mystore.testcases.HomepageTest -->
