<?xml version="1.0" encoding="UTF-8"?>
<!-- Generated by org.testng.reporters.JUnitReportReporter -->
<testsuite hostname="LMCTAG039" failures="0" tests="2" name="com.mystore.testcases.HomepageTest" time="40.054" errors="0" timestamp="2022-03-25T14:38:52 IST" skipped="0">
  <testcase classname="com.mystore.testcases.HomepageTest" name="wishListTest" time="18.725"/>
  <system-out/>
  <testcase classname="com.mystore.testcases.HomepageTest" name="orderHisstoryandDetailsTest" time="21.329"/>
  <system-out/>
</testsuite> <!-- com.mystore.testcases.HomepageTest -->
