<?xml version="1.0" encoding="UTF-8"?>
<!-- Generated by org.testng.reporters.JUnitReportReporter -->
<testsuite hostname="LMCTAG039" failures="0" tests="1" name="com.mystore.testcases.LoginPageTest" time="17.878" errors="0" timestamp="2022-03-25T11:40:39 IST" skipped="0">
  <testcase classname="com.mystore.testcases.LoginPageTest" name="loginTest" time="17.878"/>
  <system-out/>
</testsuite> <!-- com.mystore.testcases.LoginPageTest -->
