<?xml version="1.0" encoding="UTF-8"?>
<!-- Generated by org.testng.reporters.JUnitReportReporter -->
<testsuite hostname="LMCTAG039" failures="0" tests="1" name="com.mystore.testcases.LoginPageTest" time="24.168" errors="0" timestamp="2022-03-24T16:55:56 IST" skipped="0">
  <testcase classname="com.mystore.testcases.LoginPageTest" name="loginTest" time="24.168"/>
  <system-out/>
</testsuite> <!-- com.mystore.testcases.LoginPageTest -->
