<?xml version="1.0" encoding="UTF-8"?>
<!-- Generated by org.testng.reporters.JUnitReportReporter -->
<testsuite hostname="LMCTAG039" failures="0" tests="2" name="com.mystore.testcases.HomepageTest" time="38.867" errors="0" timestamp="2022-03-22T11:31:16 IST" skipped="0">
  <testcase classname="com.mystore.testcases.HomepageTest" name="wishListTest" time="20.206"/>
  <system-out/>
  <testcase classname="com.mystore.testcases.HomepageTest" name="orderHisstoryandDetailsTest" time="18.661"/>
  <system-out/>
</testsuite> <!-- com.mystore.testcases.HomepageTest -->
