<?xml version="1.0" encoding="UTF-8"?>
<!-- Generated by org.testng.reporters.JUnitReportReporter -->
<testsuite hostname="LMCTAG039" failures="0" tests="1" name="com.mystore.testcases.OrderPageTest" time="29.669" errors="0" timestamp="2022-03-25T14:38:52 IST" skipped="0">
  <testcase classname="com.mystore.testcases.OrderPageTest" name="verifyTotalPrice" time="29.669"/>
  <system-out/>
</testsuite> <!-- com.mystore.testcases.OrderPageTest -->
