<?xml version="1.0" encoding="UTF-8"?>
<!-- Generated by org.testng.reporters.JUnitReportReporter -->
<testsuite hostname="LMCTAG039" failures="0" tests="2" name="com.mystore.testcases.HomepageTest" time="43.022" errors="0" timestamp="2022-03-24T16:55:56 IST" skipped="0">
  <testcase classname="com.mystore.testcases.HomepageTest" name="wishListTest" time="21.014"/>
  <system-out/>
  <testcase classname="com.mystore.testcases.HomepageTest" name="orderHisstoryandDetailsTest" time="22.008"/>
  <system-out/>
</testsuite> <!-- com.mystore.testcases.HomepageTest -->
