<?xml version="1.0" encoding="UTF-8"?>
<!-- Generated by org.testng.reporters.JUnitReportReporter -->
<testsuite hostname="LMCTAG039" failures="0" tests="1" name="com.mystore.testcases.AddToCartPageTest" time="23.491" errors="0" timestamp="2022-03-22T11:31:16 IST" skipped="0">
  <testcase classname="com.mystore.testcases.AddToCartPageTest" name="addToCartTest" time="23.491"/>
  <system-out/>
</testsuite> <!-- com.mystore.testcases.AddToCartPageTest -->
